============================= test session starts ==============================
platform linux -- Python 3.11.15, pytest-9.0.2, pluggy-1.6.0 -- /usr/local/bin/python3.11
cachedir: .pytest_cache
rootdir: /app
plugins: asyncio-1.3.0, anyio-4.13.0
asyncio: mode=Mode.STRICT, debug=False, asyncio_default_fixture_loop_scope=None, asyncio_default_test_loop_scope=function
collecting ... collected 3 items

tests/test_api.py::test_device_binding PASSED                            [ 33%]
tests/test_api.py::test_device_heartbeat FAILED                          [ 66%]
tests/test_api.py::test_device_state_conflict PASSED                     [100%]

=================================== FAILURES ===================================
____________________________ test_device_heartbeat _____________________________

    async def test_device_heartbeat():
        device_id = "test_heartbeat_device"
>       await setup_test_user_and_device(device_id)

tests/test_api.py:178: 
_ _ _ _ _ _ _ _ _ _ _ _ _ _ _ _ _ _ _ _ _ _ _ _ _ _ _ _ _ _ _ _ _ _ _ _ _ _ _ _ 
tests/test_api.py:125: in setup_test_user_and_device
    async with engine.begin() as conn:
/usr/local/lib/python3.11/contextlib.py:210: in __aenter__
    return await anext(self.gen)
           ^^^^^^^^^^^^^^^^^^^^^
/usr/local/lib/python3.11/site-packages/sqlalchemy/ext/asyncio/engine.py:1063: in begin
    async with conn:
/usr/local/lib/python3.11/site-packages/sqlalchemy/ext/asyncio/base.py:121: in __aenter__
    return await self.start(is_ctxmanager=True)
           ^^^^^^^^^^^^^^^^^^^^^^^^^^^^^^^^^^^^
/usr/local/lib/python3.11/site-packages/sqlalchemy/ext/asyncio/engine.py:273: in start
    await greenlet_spawn(self.sync_engine.connect)
/usr/local/lib/python3.11/site-packages/sqlalchemy/util/_concurrency_py3k.py:201: in greenlet_spawn
    result = context.throw(*sys.exc_info())
             ^^^^^^^^^^^^^^^^^^^^^^^^^^^^^^
/usr/local/lib/python3.11/site-packages/sqlalchemy/engine/base.py:3276: in connect
    return self._connection_cls(self)
           ^^^^^^^^^^^^^^^^^^^^^^^^^^
/usr/local/lib/python3.11/site-packages/sqlalchemy/engine/base.py:146: in __init__
    self._dbapi_connection = engine.raw_connection()
                             ^^^^^^^^^^^^^^^^^^^^^^^
/usr/local/lib/python3.11/site-packages/sqlalchemy/engine/base.py:3300: in raw_connection
    return self.pool.connect()
           ^^^^^^^^^^^^^^^^^^^
/usr/local/lib/python3.11/site-packages/sqlalchemy/pool/base.py:449: in connect
    return _ConnectionFairy._checkout(self)
           ^^^^^^^^^^^^^^^^^^^^^^^^^^^^^^^^
/usr/local/lib/python3.11/site-packages/sqlalchemy/pool/base.py:1362: in _checkout
    with util.safe_reraise():
/usr/local/lib/python3.11/site-packages/sqlalchemy/util/langhelpers.py:146: in __exit__
    raise exc_value.with_traceback(exc_tb)
/usr/local/lib/python3.11/site-packages/sqlalchemy/pool/base.py:1300: in _checkout
    result = pool._dialect._do_ping_w_event(
/usr/local/lib/python3.11/site-packages/sqlalchemy/engine/default.py:715: in _do_ping_w_event
    return self.do_ping(dbapi_connection)
           ^^^^^^^^^^^^^^^^^^^^^^^^^^^^^^
/usr/local/lib/python3.11/site-packages/sqlalchemy/dialects/postgresql/asyncpg.py:1138: in do_ping
    dbapi_connection.ping()
/usr/local/lib/python3.11/site-packages/sqlalchemy/dialects/postgresql/asyncpg.py:810: in ping
    self._handle_exception(error)
/usr/local/lib/python3.11/site-packages/sqlalchemy/dialects/postgresql/asyncpg.py:791: in _handle_exception
    raise error
/usr/local/lib/python3.11/site-packages/sqlalchemy/dialects/postgresql/asyncpg.py:808: in ping
    _ = self.await_(self._async_ping())
        ^^^^^^^^^^^^^^^^^^^^^^^^^^^^^^^
/usr/local/lib/python3.11/site-packages/sqlalchemy/util/_concurrency_py3k.py:131: in await_only
    return current.driver.switch(awaitable)  # type: ignore[no-any-return]
           ^^^^^^^^^^^^^^^^^^^^^^^^^^^^^^^^
/usr/local/lib/python3.11/site-packages/sqlalchemy/util/_concurrency_py3k.py:196: in greenlet_spawn
    value = await result
            ^^^^^^^^^^^^
/usr/local/lib/python3.11/site-packages/sqlalchemy/dialects/postgresql/asyncpg.py:817: in _async_ping
    await tr.start()
/usr/local/lib/python3.11/site-packages/asyncpg/transaction.py:146: in start
    await self._connection.execute(query)
/usr/local/lib/python3.11/site-packages/asyncpg/connection.py:350: in execute
    result = await self._protocol.query(query, timeout)
             ^^^^^^^^^^^^^^^^^^^^^^^^^^^^^^^^^^^^^^^^^^
_ _ _ _ _ _ _ _ _ _ _ _ _ _ _ _ _ _ _ _ _ _ _ _ _ _ _ _ _ _ _ _ _ _ _ _ _ _ _ _ 

>   ???
E   RuntimeError: Task <Task pending name='Task-16' coro=<test_device_heartbeat() running at /app/tests/test_api.py:178> cb=[_run_until_complete_cb() at /usr/local/lib/python3.11/asyncio/base_events.py:181]> got Future <Future pending cb=[Protocol._on_waiter_completed()]> attached to a different loop

asyncpg/protocol/protocol.pyx:374: RuntimeError
------------------------------ Captured log call -------------------------------
ERROR    sqlalchemy.pool.impl.AsyncAdaptedQueuePool:base.py:378 Exception terminating connection <AdaptedConnection <asyncpg.connection.Connection object at 0xffffb63a1300>>
Traceback (most recent call last):
  File "/usr/local/lib/python3.11/site-packages/sqlalchemy/pool/base.py", line 374, in _close_connection
    self._dialect.do_terminate(connection)
  File "/usr/local/lib/python3.11/site-packages/sqlalchemy/dialects/postgresql/asyncpg.py", line 1105, in do_terminate
    dbapi_connection.terminate()
  File "/usr/local/lib/python3.11/site-packages/sqlalchemy/dialects/postgresql/asyncpg.py", line 884, in terminate
    self.await_(self._connection.close(timeout=2))
  File "/usr/local/lib/python3.11/site-packages/sqlalchemy/util/_concurrency_py3k.py", line 131, in await_only
    return current.driver.switch(awaitable)  # type: ignore[no-any-return]
           ^^^^^^^^^^^^^^^^^^^^^^^^^^^^^^^^
  File "/usr/local/lib/python3.11/site-packages/sqlalchemy/util/_concurrency_py3k.py", line 196, in greenlet_spawn
    value = await result
            ^^^^^^^^^^^^
  File "/usr/local/lib/python3.11/site-packages/asyncpg/connection.py", line 1467, in close
    await self._protocol.close(timeout)
  File "asyncpg/protocol/protocol.pyx", line 626, in close
  File "asyncpg/protocol/protocol.pyx", line 659, in asyncpg.protocol.protocol.BaseProtocol._request_cancel
  File "/usr/local/lib/python3.11/site-packages/asyncpg/connection.py", line 1611, in _cancel_current_command
    self._cancellations.add(self._loop.create_task(self._cancel(waiter)))
                            ^^^^^^^^^^^^^^^^^^^^^^^^^^^^^^^^^^^^^^^^^^^^
  File "/usr/local/lib/python3.11/asyncio/base_events.py", line 435, in create_task
    self._check_closed()
  File "/usr/local/lib/python3.11/asyncio/base_events.py", line 520, in _check_closed
    raise RuntimeError('Event loop is closed')
RuntimeError: Event loop is closed
=============================== warnings summary ===============================
../usr/local/lib/python3.11/site-packages/starlette/formparsers.py:12
  /usr/local/lib/python3.11/site-packages/starlette/formparsers.py:12: PendingDeprecationWarning: Please use `import python_multipart` instead.
    import multipart

../usr/local/lib/python3.11/site-packages/pydantic/_internal/_config.py:284
../usr/local/lib/python3.11/site-packages/pydantic/_internal/_config.py:284
../usr/local/lib/python3.11/site-packages/pydantic/_internal/_config.py:284
../usr/local/lib/python3.11/site-packages/pydantic/_internal/_config.py:284
../usr/local/lib/python3.11/site-packages/pydantic/_internal/_config.py:284
../usr/local/lib/python3.11/site-packages/pydantic/_internal/_config.py:284
../usr/local/lib/python3.11/site-packages/pydantic/_internal/_config.py:284
../usr/local/lib/python3.11/site-packages/pydantic/_internal/_config.py:284
  /usr/local/lib/python3.11/site-packages/pydantic/_internal/_config.py:284: PydanticDeprecatedSince20: Support for class-based `config` is deprecated, use ConfigDict instead. Deprecated in Pydantic V2.0 to be removed in V3.0. See Pydantic V2 Migration Guide at https://errors.pydantic.dev/2.7/migration/
    warnings.warn(DEPRECATION_MESSAGE, DeprecationWarning)

../usr/local/lib/python3.11/site-packages/pydantic/_internal/_config.py:334
  /usr/local/lib/python3.11/site-packages/pydantic/_internal/_config.py:334: UserWarning: Valid config keys have changed in V2:
  * 'orm_mode' has been renamed to 'from_attributes'
    warnings.warn(message, UserWarning)

../usr/local/lib/python3.11/site-packages/pydantic/_internal/_fields.py:160
  /usr/local/lib/python3.11/site-packages/pydantic/_internal/_fields.py:160: UserWarning: Field "model_version" has conflict with protected namespace "model_".
  
  You may be able to resolve this warning by setting `model_config['protected_namespaces'] = ()`.
    warnings.warn(

tests/test_api.py::test_device_heartbeat
  /usr/local/lib/python3.11/site-packages/_pytest/stash.py:108: RuntimeWarning: coroutine 'Connection._cancel' was never awaited
    del self._storage[key]
  Enable tracemalloc to get traceback where the object was allocated.
  See https://docs.pytest.org/en/stable/how-to/capture-warnings.html#resource-warnings for more info.

-- Docs: https://docs.pytest.org/en/stable/how-to/capture-warnings.html
=========================== short test summary info ============================
FAILED tests/test_api.py::test_device_heartbeat - RuntimeError: Task <Task pe...
=================== 1 failed, 2 passed, 12 warnings in 0.70s ===================
